mode: set
github.com/chesskiss/btc-service/internal/handlers/health.go:13.60,18.2 2 0
github.com/chesskiss/btc-service/internal/handlers/health.go:21.79,22.54 1 0
github.com/chesskiss/btc-service/internal/handlers/health.go:22.54,28.16 3 0
github.com/chesskiss/btc-service/internal/handlers/health.go:28.16,29.36 1 0
github.com/chesskiss/btc-service/internal/handlers/health.go:29.36,36.5 3 0
github.com/chesskiss/btc-service/internal/handlers/health.go:40.3,40.25 1 0
github.com/chesskiss/btc-service/internal/handlers/health.go:40.25,41.54 1 0
github.com/chesskiss/btc-service/internal/handlers/health.go:41.54,48.5 3 0
github.com/chesskiss/btc-service/internal/handlers/health.go:51.3,53.5 1 0
github.com/chesskiss/btc-service/main.go:23.13,34.19 6 0
github.com/chesskiss/btc-service/main.go:34.19,37.6 2 0
github.com/chesskiss/btc-service/main.go:38.5,38.18 1 0
github.com/chesskiss/btc-service/main.go:38.18,41.57 3 0
github.com/chesskiss/btc-service/main.go:41.57,43.10 1 0
github.com/chesskiss/btc-service/main.go:47.5,51.19 3 0
github.com/chesskiss/btc-service/main.go:51.19,56.6 2 0
github.com/chesskiss/btc-service/main.go:57.5,81.62 10 0
github.com/chesskiss/btc-service/main.go:81.62,86.6 2 0
github.com/chesskiss/btc-service/internal/middleware/logging.go:21.49,24.2 2 0
github.com/chesskiss/btc-service/internal/middleware/logging.go:27.56,28.71 1 0
github.com/chesskiss/btc-service/internal/middleware/logging.go:28.71,61.3 9 0
github.com/chesskiss/btc-service/internal/middleware/logging.go:65.47,66.59 1 0
github.com/chesskiss/btc-service/internal/middleware/logging.go:66.59,68.3 1 0
github.com/chesskiss/btc-service/internal/middleware/logging.go:69.2,69.11 1 0
github.com/chesskiss/btc-service/internal/database/db.go:28.73,34.16 4 0
github.com/chesskiss/btc-service/internal/database/db.go:34.16,36.3 1 0
github.com/chesskiss/btc-service/internal/database/db.go:38.2,38.34 1 0
github.com/chesskiss/btc-service/internal/database/db.go:38.34,42.3 3 0
github.com/chesskiss/btc-service/internal/database/db.go:44.2,45.16 2 0
github.com/chesskiss/btc-service/internal/database/db.go:49.42,50.15 1 0
github.com/chesskiss/btc-service/internal/database/db.go:50.15,52.3 1 0
github.com/chesskiss/btc-service/internal/database/db.go:54.2,76.16 3 0
github.com/chesskiss/btc-service/internal/database/db.go:76.16,79.3 2 0
github.com/chesskiss/btc-service/internal/database/db.go:81.2,81.12 1 0
github.com/chesskiss/btc-service/internal/database/db.go:85.14,86.15 1 0
github.com/chesskiss/btc-service/internal/database/db.go:86.15,88.3 1 0
github.com/chesskiss/btc-service/handlers/ltp.go:24.57,70.43 19 0
github.com/chesskiss/btc-service/handlers/ltp.go:70.43,73.6 1 0
github.com/chesskiss/btc-service/handlers/ltp.go:73.11,73.29 1 0
github.com/chesskiss/btc-service/handlers/ltp.go:73.29,76.6 1 0
github.com/chesskiss/btc-service/handlers/ltp.go:79.5,89.43 2 0
github.com/chesskiss/btc-service/handlers/ltp.go:89.43,92.6 2 0
github.com/chesskiss/btc-service/handlers/ltp.go:92.11,92.29 1 0
github.com/chesskiss/btc-service/handlers/ltp.go:92.29,94.6 1 0
github.com/chesskiss/btc-service/handlers/ltp.go:94.11,96.6 1 0
github.com/chesskiss/btc-service/handlers/ltp.go:99.5,111.15 4 0
github.com/chesskiss/btc-service/handlers/ltp.go:111.15,125.6 1 0
github.com/chesskiss/btc-service/handlers/ltp.go:128.5,133.6 2 0
github.com/chesskiss/btc-service/handlers/ltp.go:136.42,138.70 1 0
github.com/chesskiss/btc-service/handlers/ltp.go:138.70,141.6 2 0
github.com/chesskiss/btc-service/handlers/ltp.go:144.5,144.58 1 0
github.com/chesskiss/btc-service/handlers/ltp.go:144.58,146.6 1 0
github.com/chesskiss/btc-service/handlers/ltp.go:149.5,150.67 2 0
github.com/chesskiss/btc-service/handlers/ltp.go:150.67,152.6 1 0
github.com/chesskiss/btc-service/handlers/ltp.go:154.5,154.14 1 0
github.com/chesskiss/btc-service/clients/kraken.go:40.59,49.19 3 0
github.com/chesskiss/btc-service/clients/kraken.go:49.19,54.6 2 0
github.com/chesskiss/btc-service/clients/kraken.go:54.11,56.6 1 0
github.com/chesskiss/btc-service/clients/kraken.go:58.5,58.23 1 0
github.com/chesskiss/btc-service/clients/kraken.go:63.73,78.27 7 0
github.com/chesskiss/btc-service/clients/kraken.go:78.27,83.52 4 0
github.com/chesskiss/btc-service/clients/kraken.go:83.52,95.10 5 0
github.com/chesskiss/btc-service/clients/kraken.go:96.9,96.43 1 0
github.com/chesskiss/btc-service/clients/kraken.go:96.43,101.10 1 0
github.com/chesskiss/btc-service/clients/kraken.go:105.5,118.19 7 0
github.com/chesskiss/btc-service/clients/kraken.go:118.19,130.6 8 0
github.com/chesskiss/btc-service/clients/kraken.go:132.5,138.27 5 0
github.com/chesskiss/btc-service/clients/kraken.go:138.27,139.60 1 0
github.com/chesskiss/btc-service/clients/kraken.go:139.60,144.10 1 0
github.com/chesskiss/btc-service/clients/kraken.go:147.5,149.22 3 0
github.com/chesskiss/btc-service/clients/kraken.go:153.53,155.19 2 0
github.com/chesskiss/btc-service/clients/kraken.go:155.19,157.6 1 0
github.com/chesskiss/btc-service/clients/kraken.go:159.5,160.64 2 0
github.com/chesskiss/btc-service/clients/kraken.go:160.64,162.6 1 0
github.com/chesskiss/btc-service/clients/kraken.go:164.5,164.24 1 0
github.com/chesskiss/btc-service/clients/kraken.go:168.45,170.2 1 0
github.com/chesskiss/btc-service/clients/kraken.go:173.51,180.19 3 0
github.com/chesskiss/btc-service/clients/kraken.go:180.19,182.6 1 0
github.com/chesskiss/btc-service/clients/kraken.go:184.5,189.65 2 0
github.com/chesskiss/btc-service/clients/kraken.go:193.56,198.19 4 0
github.com/chesskiss/btc-service/clients/kraken.go:198.19,200.6 1 0
github.com/chesskiss/btc-service/clients/kraken.go:201.5,204.19 3 0
github.com/chesskiss/btc-service/clients/kraken.go:204.19,206.6 1 0
github.com/chesskiss/btc-service/clients/kraken.go:208.5,209.61 2 0
github.com/chesskiss/btc-service/clients/kraken.go:209.61,211.6 1 0
github.com/chesskiss/btc-service/clients/kraken.go:213.5,213.34 1 0
github.com/chesskiss/btc-service/clients/kraken.go:213.34,215.6 1 0
github.com/chesskiss/btc-service/clients/kraken.go:217.5,217.48 1 0
github.com/chesskiss/btc-service/clients/kraken.go:217.48,218.32 1 0
github.com/chesskiss/btc-service/clients/kraken.go:218.32,220.78 2 0
github.com/chesskiss/btc-service/clients/kraken.go:220.78,222.14 1 0
github.com/chesskiss/btc-service/clients/kraken.go:223.13,223.30 1 0
github.com/chesskiss/btc-service/clients/kraken.go:227.5,227.48 1 0
github.com/chesskiss/btc-service/config/config.go:19.21,31.2 1 0
github.com/chesskiss/btc-service/config/config.go:33.46,34.42 1 0
github.com/chesskiss/btc-service/config/config.go:34.42,36.3 1 0
github.com/chesskiss/btc-service/config/config.go:37.2,37.21 1 0
github.com/chesskiss/btc-service/internal/tracing/tracing.go:16.68,19.26 2 0
github.com/chesskiss/btc-service/internal/tracing/tracing.go:19.26,21.3 1 0
github.com/chesskiss/btc-service/internal/tracing/tracing.go:24.2,29.16 2 0
github.com/chesskiss/btc-service/internal/tracing/tracing.go:29.16,31.3 1 0
github.com/chesskiss/btc-service/internal/tracing/tracing.go:34.2,41.16 2 0
github.com/chesskiss/btc-service/internal/tracing/tracing.go:41.16,43.3 1 0
github.com/chesskiss/btc-service/internal/tracing/tracing.go:46.2,57.16 4 0
github.com/chesskiss/btc-service/internal/tracing/tracing.go:61.68,62.15 1 0
github.com/chesskiss/btc-service/internal/tracing/tracing.go:62.15,64.3 1 0
github.com/chesskiss/btc-service/internal/tracing/tracing.go:66.2,67.25 2 0
github.com/chesskiss/btc-service/services/price.go:30.68,46.41 9 0
github.com/chesskiss/btc-service/services/price.go:46.41,48.23 2 0
github.com/chesskiss/btc-service/services/price.go:48.23,52.21 4 0
github.com/chesskiss/btc-service/services/price.go:55.9,58.11 1 0
github.com/chesskiss/btc-service/services/price.go:61.5,71.6 2 0
github.com/chesskiss/btc-service/services/price.go:74.52,75.25 1 0
github.com/chesskiss/btc-service/services/price.go:75.25,77.6 1 0
github.com/chesskiss/btc-service/services/price.go:79.5,81.32 3 0
github.com/chesskiss/btc-service/services/price.go:81.32,82.62 1 0
github.com/chesskiss/btc-service/services/price.go:82.62,84.10 1 0
github.com/chesskiss/btc-service/services/price.go:86.5,86.22 1 0
github.com/chesskiss/btc-service/services/price.go:89.42,90.31 1 0
github.com/chesskiss/btc-service/services/price.go:90.31,91.43 1 0
github.com/chesskiss/btc-service/services/price.go:91.43,93.10 1 0
github.com/chesskiss/btc-service/services/price.go:95.5,95.14 1 0
github.com/chesskiss/btc-service/services/price.go:98.45,102.37 3 0
github.com/chesskiss/btc-service/services/price.go:102.37,103.24 1 0
github.com/chesskiss/btc-service/services/price.go:103.24,106.10 2 0
github.com/chesskiss/btc-service/services/price.go:106.15,108.10 1 0
github.com/chesskiss/btc-service/services/price.go:110.5,110.22 1 0
github.com/chesskiss/btc-service/services/price.go:110.22,112.6 1 0
github.com/chesskiss/btc-service/services/price.go:114.5,115.33 2 0
github.com/chesskiss/btc-service/services/price.go:115.33,117.26 2 0
github.com/chesskiss/btc-service/services/price.go:117.26,119.10 1 0
github.com/chesskiss/btc-service/services/price.go:122.5,122.17 1 0
github.com/chesskiss/btc-service/services/price.go:125.34,127.40 2 0
github.com/chesskiss/btc-service/services/price.go:127.40,129.6 1 0
github.com/chesskiss/btc-service/services/price.go:130.5,130.40 1 0
github.com/chesskiss/btc-service/services/price.go:130.40,132.6 1 0
github.com/chesskiss/btc-service/services/price.go:133.5,133.24 1 0
github.com/chesskiss/btc-service/main.go:23.13,34.19 6 0
github.com/chesskiss/btc-service/main.go:34.19,37.6 2 0
github.com/chesskiss/btc-service/main.go:38.5,38.18 1 0
github.com/chesskiss/btc-service/main.go:38.18,41.57 3 0
github.com/chesskiss/btc-service/main.go:41.57,43.10 1 0
github.com/chesskiss/btc-service/main.go:47.5,51.19 3 0
github.com/chesskiss/btc-service/main.go:51.19,56.6 2 0
github.com/chesskiss/btc-service/main.go:57.5,81.62 10 0
github.com/chesskiss/btc-service/main.go:81.62,86.6 2 0
github.com/chesskiss/btc-service/clients/kraken.go:40.59,49.19 3 1
github.com/chesskiss/btc-service/clients/kraken.go:49.19,54.6 2 0
github.com/chesskiss/btc-service/clients/kraken.go:54.11,56.6 1 1
github.com/chesskiss/btc-service/clients/kraken.go:58.5,58.23 1 1
github.com/chesskiss/btc-service/clients/kraken.go:63.73,78.27 7 1
github.com/chesskiss/btc-service/clients/kraken.go:78.27,83.52 4 1
github.com/chesskiss/btc-service/clients/kraken.go:83.52,95.10 5 1
github.com/chesskiss/btc-service/clients/kraken.go:96.9,96.43 1 1
github.com/chesskiss/btc-service/clients/kraken.go:96.43,101.10 1 0
github.com/chesskiss/btc-service/clients/kraken.go:105.5,118.19 7 1
github.com/chesskiss/btc-service/clients/kraken.go:118.19,130.6 8 0
github.com/chesskiss/btc-service/clients/kraken.go:132.5,138.27 5 1
github.com/chesskiss/btc-service/clients/kraken.go:138.27,139.60 1 1
github.com/chesskiss/btc-service/clients/kraken.go:139.60,144.10 1 0
github.com/chesskiss/btc-service/clients/kraken.go:147.5,149.22 3 1
github.com/chesskiss/btc-service/clients/kraken.go:153.53,155.19 2 1
github.com/chesskiss/btc-service/clients/kraken.go:155.19,157.6 1 1
github.com/chesskiss/btc-service/clients/kraken.go:159.5,160.64 2 1
github.com/chesskiss/btc-service/clients/kraken.go:160.64,162.6 1 0
github.com/chesskiss/btc-service/clients/kraken.go:164.5,164.24 1 1
github.com/chesskiss/btc-service/clients/kraken.go:168.45,170.2 1 1
github.com/chesskiss/btc-service/clients/kraken.go:173.51,180.19 3 1
github.com/chesskiss/btc-service/clients/kraken.go:180.19,182.6 1 0
github.com/chesskiss/btc-service/clients/kraken.go:184.5,189.65 2 1
github.com/chesskiss/btc-service/clients/kraken.go:193.56,198.19 4 1
github.com/chesskiss/btc-service/clients/kraken.go:198.19,200.6 1 0
github.com/chesskiss/btc-service/clients/kraken.go:201.5,204.19 3 1
github.com/chesskiss/btc-service/clients/kraken.go:204.19,206.6 1 0
github.com/chesskiss/btc-service/clients/kraken.go:208.5,209.61 2 1
github.com/chesskiss/btc-service/clients/kraken.go:209.61,211.6 1 0
github.com/chesskiss/btc-service/clients/kraken.go:213.5,213.34 1 1
github.com/chesskiss/btc-service/clients/kraken.go:213.34,215.6 1 0
github.com/chesskiss/btc-service/clients/kraken.go:217.5,217.48 1 1
github.com/chesskiss/btc-service/clients/kraken.go:217.48,218.32 1 1
github.com/chesskiss/btc-service/clients/kraken.go:218.32,220.78 2 1
github.com/chesskiss/btc-service/clients/kraken.go:220.78,222.14 1 0
github.com/chesskiss/btc-service/clients/kraken.go:223.13,223.30 1 1
github.com/chesskiss/btc-service/clients/kraken.go:227.5,227.48 1 0
github.com/chesskiss/btc-service/config/config.go:19.21,31.2 1 0
github.com/chesskiss/btc-service/config/config.go:33.46,34.42 1 0
github.com/chesskiss/btc-service/config/config.go:34.42,36.3 1 0
github.com/chesskiss/btc-service/config/config.go:37.2,37.21 1 0
github.com/chesskiss/btc-service/handlers/ltp.go:24.57,70.43 19 1
github.com/chesskiss/btc-service/handlers/ltp.go:70.43,73.6 1 0
github.com/chesskiss/btc-service/handlers/ltp.go:73.11,73.29 1 1
github.com/chesskiss/btc-service/handlers/ltp.go:73.29,76.6 1 0
github.com/chesskiss/btc-service/handlers/ltp.go:79.5,89.43 2 1
github.com/chesskiss/btc-service/handlers/ltp.go:89.43,92.6 2 0
github.com/chesskiss/btc-service/handlers/ltp.go:92.11,92.29 1 1
github.com/chesskiss/btc-service/handlers/ltp.go:92.29,94.6 1 0
github.com/chesskiss/btc-service/handlers/ltp.go:94.11,96.6 1 1
github.com/chesskiss/btc-service/handlers/ltp.go:99.5,111.15 4 1
github.com/chesskiss/btc-service/handlers/ltp.go:111.15,125.6 1 1
github.com/chesskiss/btc-service/handlers/ltp.go:128.5,133.6 2 1
github.com/chesskiss/btc-service/handlers/ltp.go:136.42,138.70 1 1
github.com/chesskiss/btc-service/handlers/ltp.go:138.70,141.6 2 0
github.com/chesskiss/btc-service/handlers/ltp.go:144.5,144.58 1 1
github.com/chesskiss/btc-service/handlers/ltp.go:144.58,146.6 1 0
github.com/chesskiss/btc-service/handlers/ltp.go:149.5,150.67 2 1
github.com/chesskiss/btc-service/handlers/ltp.go:150.67,152.6 1 1
github.com/chesskiss/btc-service/handlers/ltp.go:154.5,154.14 1 1
github.com/chesskiss/btc-service/internal/database/db.go:28.73,34.16 4 1
github.com/chesskiss/btc-service/internal/database/db.go:34.16,36.3 1 0
github.com/chesskiss/btc-service/internal/database/db.go:38.2,38.34 1 1
github.com/chesskiss/btc-service/internal/database/db.go:38.34,42.3 3 1
github.com/chesskiss/btc-service/internal/database/db.go:44.2,45.16 2 1
github.com/chesskiss/btc-service/internal/database/db.go:49.42,50.15 1 1
github.com/chesskiss/btc-service/internal/database/db.go:50.15,52.3 1 0
github.com/chesskiss/btc-service/internal/database/db.go:54.2,76.16 3 1
github.com/chesskiss/btc-service/internal/database/db.go:76.16,79.3 2 1
github.com/chesskiss/btc-service/internal/database/db.go:81.2,81.12 1 1
github.com/chesskiss/btc-service/internal/database/db.go:85.14,86.15 1 1
github.com/chesskiss/btc-service/internal/database/db.go:86.15,88.3 1 1
github.com/chesskiss/btc-service/internal/handlers/health.go:13.60,18.2 2 0
github.com/chesskiss/btc-service/internal/handlers/health.go:21.79,22.54 1 0
github.com/chesskiss/btc-service/internal/handlers/health.go:22.54,28.16 3 0
github.com/chesskiss/btc-service/internal/handlers/health.go:28.16,29.36 1 0
github.com/chesskiss/btc-service/internal/handlers/health.go:29.36,36.5 3 0
github.com/chesskiss/btc-service/internal/handlers/health.go:40.3,40.25 1 0
github.com/chesskiss/btc-service/internal/handlers/health.go:40.25,41.54 1 0
github.com/chesskiss/btc-service/internal/handlers/health.go:41.54,48.5 3 0
github.com/chesskiss/btc-service/internal/handlers/health.go:51.3,53.5 1 0
github.com/chesskiss/btc-service/internal/middleware/logging.go:21.49,24.2 2 1
github.com/chesskiss/btc-service/internal/middleware/logging.go:27.56,28.71 1 1
github.com/chesskiss/btc-service/internal/middleware/logging.go:28.71,61.3 9 1
github.com/chesskiss/btc-service/internal/middleware/logging.go:65.47,66.59 1 1
github.com/chesskiss/btc-service/internal/middleware/logging.go:66.59,68.3 1 1
github.com/chesskiss/btc-service/internal/middleware/logging.go:69.2,69.11 1 0
github.com/chesskiss/btc-service/internal/tracing/tracing.go:16.68,19.26 2 0
github.com/chesskiss/btc-service/internal/tracing/tracing.go:19.26,21.3 1 0
github.com/chesskiss/btc-service/internal/tracing/tracing.go:24.2,29.16 2 0
github.com/chesskiss/btc-service/internal/tracing/tracing.go:29.16,31.3 1 0
github.com/chesskiss/btc-service/internal/tracing/tracing.go:34.2,41.16 2 0
github.com/chesskiss/btc-service/internal/tracing/tracing.go:41.16,43.3 1 0
github.com/chesskiss/btc-service/internal/tracing/tracing.go:46.2,57.16 4 0
github.com/chesskiss/btc-service/internal/tracing/tracing.go:61.68,62.15 1 0
github.com/chesskiss/btc-service/internal/tracing/tracing.go:62.15,64.3 1 0
github.com/chesskiss/btc-service/internal/tracing/tracing.go:66.2,67.25 2 0
github.com/chesskiss/btc-service/services/price.go:30.68,46.41 9 1
github.com/chesskiss/btc-service/services/price.go:46.41,48.23 2 1
github.com/chesskiss/btc-service/services/price.go:48.23,52.21 4 0
github.com/chesskiss/btc-service/services/price.go:55.9,58.11 1 1
github.com/chesskiss/btc-service/services/price.go:61.5,71.6 2 1
github.com/chesskiss/btc-service/services/price.go:74.52,75.25 1 1
github.com/chesskiss/btc-service/services/price.go:75.25,77.6 1 1
github.com/chesskiss/btc-service/services/price.go:79.5,81.32 3 1
github.com/chesskiss/btc-service/services/price.go:81.32,82.62 1 1
github.com/chesskiss/btc-service/services/price.go:82.62,84.10 1 1
github.com/chesskiss/btc-service/services/price.go:86.5,86.22 1 1
github.com/chesskiss/btc-service/services/price.go:89.42,90.31 1 1
github.com/chesskiss/btc-service/services/price.go:90.31,91.43 1 1
github.com/chesskiss/btc-service/services/price.go:91.43,93.10 1 1
github.com/chesskiss/btc-service/services/price.go:95.5,95.14 1 0
github.com/chesskiss/btc-service/services/price.go:98.45,102.37 3 1
github.com/chesskiss/btc-service/services/price.go:102.37,103.24 1 1
github.com/chesskiss/btc-service/services/price.go:103.24,106.10 2 0
github.com/chesskiss/btc-service/services/price.go:106.15,108.10 1 1
github.com/chesskiss/btc-service/services/price.go:110.5,110.22 1 1
github.com/chesskiss/btc-service/services/price.go:110.22,112.6 1 1
github.com/chesskiss/btc-service/services/price.go:114.5,115.33 2 1
github.com/chesskiss/btc-service/services/price.go:115.33,117.26 2 1
github.com/chesskiss/btc-service/services/price.go:117.26,119.10 1 1
github.com/chesskiss/btc-service/services/price.go:122.5,122.17 1 1
github.com/chesskiss/btc-service/services/price.go:125.34,127.40 2 1
github.com/chesskiss/btc-service/services/price.go:127.40,129.6 1 0
github.com/chesskiss/btc-service/services/price.go:130.5,130.40 1 1
github.com/chesskiss/btc-service/services/price.go:130.40,132.6 1 0
github.com/chesskiss/btc-service/services/price.go:133.5,133.24 1 1
github.com/chesskiss/btc-service/main.go:23.13,34.19 6 0
github.com/chesskiss/btc-service/main.go:34.19,37.6 2 0
github.com/chesskiss/btc-service/main.go:38.5,38.18 1 0
github.com/chesskiss/btc-service/main.go:38.18,41.57 3 0
github.com/chesskiss/btc-service/main.go:41.57,43.10 1 0
github.com/chesskiss/btc-service/main.go:47.5,51.19 3 0
github.com/chesskiss/btc-service/main.go:51.19,56.6 2 0
github.com/chesskiss/btc-service/main.go:57.5,81.62 10 0
github.com/chesskiss/btc-service/main.go:81.62,86.6 2 0
github.com/chesskiss/btc-service/clients/kraken.go:40.59,49.19 3 1
github.com/chesskiss/btc-service/clients/kraken.go:49.19,54.6 2 0
github.com/chesskiss/btc-service/clients/kraken.go:54.11,56.6 1 1
github.com/chesskiss/btc-service/clients/kraken.go:58.5,58.23 1 1
github.com/chesskiss/btc-service/clients/kraken.go:63.73,78.27 7 1
github.com/chesskiss/btc-service/clients/kraken.go:78.27,83.52 4 1
github.com/chesskiss/btc-service/clients/kraken.go:83.52,95.10 5 1
github.com/chesskiss/btc-service/clients/kraken.go:96.9,96.43 1 1
github.com/chesskiss/btc-service/clients/kraken.go:96.43,101.10 1 0
github.com/chesskiss/btc-service/clients/kraken.go:105.5,118.19 7 1
github.com/chesskiss/btc-service/clients/kraken.go:118.19,130.6 8 1
github.com/chesskiss/btc-service/clients/kraken.go:132.5,138.27 5 1
github.com/chesskiss/btc-service/clients/kraken.go:138.27,139.60 1 1
github.com/chesskiss/btc-service/clients/kraken.go:139.60,144.10 1 0
github.com/chesskiss/btc-service/clients/kraken.go:147.5,149.22 3 1
github.com/chesskiss/btc-service/clients/kraken.go:153.53,155.19 2 1
github.com/chesskiss/btc-service/clients/kraken.go:155.19,157.6 1 1
github.com/chesskiss/btc-service/clients/kraken.go:159.5,160.64 2 1
github.com/chesskiss/btc-service/clients/kraken.go:160.64,162.6 1 0
github.com/chesskiss/btc-service/clients/kraken.go:164.5,164.24 1 1
github.com/chesskiss/btc-service/clients/kraken.go:168.45,170.2 1 1
github.com/chesskiss/btc-service/clients/kraken.go:173.51,180.19 3 1
github.com/chesskiss/btc-service/clients/kraken.go:180.19,182.6 1 0
github.com/chesskiss/btc-service/clients/kraken.go:184.5,189.65 2 1
github.com/chesskiss/btc-service/clients/kraken.go:193.56,198.19 4 1
github.com/chesskiss/btc-service/clients/kraken.go:198.19,200.6 1 0
github.com/chesskiss/btc-service/clients/kraken.go:201.5,204.19 3 1
github.com/chesskiss/btc-service/clients/kraken.go:204.19,206.6 1 0
github.com/chesskiss/btc-service/clients/kraken.go:208.5,209.61 2 1
github.com/chesskiss/btc-service/clients/kraken.go:209.61,211.6 1 0
github.com/chesskiss/btc-service/clients/kraken.go:213.5,213.34 1 1
github.com/chesskiss/btc-service/clients/kraken.go:213.34,215.6 1 1
github.com/chesskiss/btc-service/clients/kraken.go:217.5,217.48 1 1
github.com/chesskiss/btc-service/clients/kraken.go:217.48,218.32 1 1
github.com/chesskiss/btc-service/clients/kraken.go:218.32,220.78 2 1
github.com/chesskiss/btc-service/clients/kraken.go:220.78,222.14 1 0
github.com/chesskiss/btc-service/clients/kraken.go:223.13,223.30 1 1
github.com/chesskiss/btc-service/clients/kraken.go:227.5,227.48 1 0
github.com/chesskiss/btc-service/config/config.go:19.21,31.2 1 0
github.com/chesskiss/btc-service/config/config.go:33.46,34.42 1 0
github.com/chesskiss/btc-service/config/config.go:34.42,36.3 1 0
github.com/chesskiss/btc-service/config/config.go:37.2,37.21 1 0
github.com/chesskiss/btc-service/handlers/ltp.go:24.57,70.43 19 1
github.com/chesskiss/btc-service/handlers/ltp.go:70.43,73.6 1 1
github.com/chesskiss/btc-service/handlers/ltp.go:73.11,73.29 1 1
github.com/chesskiss/btc-service/handlers/ltp.go:73.29,76.6 1 1
github.com/chesskiss/btc-service/handlers/ltp.go:79.5,89.43 2 1
github.com/chesskiss/btc-service/handlers/ltp.go:89.43,92.6 2 1
github.com/chesskiss/btc-service/handlers/ltp.go:92.11,92.29 1 1
github.com/chesskiss/btc-service/handlers/ltp.go:92.29,94.6 1 1
github.com/chesskiss/btc-service/handlers/ltp.go:94.11,96.6 1 1
github.com/chesskiss/btc-service/handlers/ltp.go:99.5,111.15 4 1
github.com/chesskiss/btc-service/handlers/ltp.go:111.15,125.6 1 1
github.com/chesskiss/btc-service/handlers/ltp.go:128.5,133.6 2 1
github.com/chesskiss/btc-service/handlers/ltp.go:136.42,138.70 1 1
github.com/chesskiss/btc-service/handlers/ltp.go:138.70,141.6 2 1
github.com/chesskiss/btc-service/handlers/ltp.go:144.5,144.58 1 1
github.com/chesskiss/btc-service/handlers/ltp.go:144.58,146.6 1 1
github.com/chesskiss/btc-service/handlers/ltp.go:149.5,150.67 2 1
github.com/chesskiss/btc-service/handlers/ltp.go:150.67,152.6 1 1
github.com/chesskiss/btc-service/handlers/ltp.go:154.5,154.14 1 1
github.com/chesskiss/btc-service/internal/database/db.go:28.73,34.16 4 1
github.com/chesskiss/btc-service/internal/database/db.go:34.16,36.3 1 0
github.com/chesskiss/btc-service/internal/database/db.go:38.2,38.34 1 1
github.com/chesskiss/btc-service/internal/database/db.go:38.34,42.3 3 0
github.com/chesskiss/btc-service/internal/database/db.go:44.2,45.16 2 1
github.com/chesskiss/btc-service/internal/database/db.go:49.42,50.15 1 1
github.com/chesskiss/btc-service/internal/database/db.go:50.15,52.3 1 1
github.com/chesskiss/btc-service/internal/database/db.go:54.2,76.16 3 1
github.com/chesskiss/btc-service/internal/database/db.go:76.16,79.3 2 1
github.com/chesskiss/btc-service/internal/database/db.go:81.2,81.12 1 1
github.com/chesskiss/btc-service/internal/database/db.go:85.14,86.15 1 1
github.com/chesskiss/btc-service/internal/database/db.go:86.15,88.3 1 1
github.com/chesskiss/btc-service/internal/handlers/health.go:13.60,18.2 2 0
github.com/chesskiss/btc-service/internal/handlers/health.go:21.79,22.54 1 0
github.com/chesskiss/btc-service/internal/handlers/health.go:22.54,28.16 3 0
github.com/chesskiss/btc-service/internal/handlers/health.go:28.16,29.36 1 0
github.com/chesskiss/btc-service/internal/handlers/health.go:29.36,36.5 3 0
github.com/chesskiss/btc-service/internal/handlers/health.go:40.3,40.25 1 0
github.com/chesskiss/btc-service/internal/handlers/health.go:40.25,41.54 1 0
github.com/chesskiss/btc-service/internal/handlers/health.go:41.54,48.5 3 0
github.com/chesskiss/btc-service/internal/handlers/health.go:51.3,53.5 1 0
github.com/chesskiss/btc-service/internal/middleware/logging.go:21.49,24.2 2 1
github.com/chesskiss/btc-service/internal/middleware/logging.go:27.56,28.71 1 1
github.com/chesskiss/btc-service/internal/middleware/logging.go:28.71,61.3 9 1
github.com/chesskiss/btc-service/internal/middleware/logging.go:65.47,66.59 1 1
github.com/chesskiss/btc-service/internal/middleware/logging.go:66.59,68.3 1 1
github.com/chesskiss/btc-service/internal/middleware/logging.go:69.2,69.11 1 1
github.com/chesskiss/btc-service/internal/tracing/tracing.go:16.68,19.26 2 0
github.com/chesskiss/btc-service/internal/tracing/tracing.go:19.26,21.3 1 0
github.com/chesskiss/btc-service/internal/tracing/tracing.go:24.2,29.16 2 0
github.com/chesskiss/btc-service/internal/tracing/tracing.go:29.16,31.3 1 0
github.com/chesskiss/btc-service/internal/tracing/tracing.go:34.2,41.16 2 0
github.com/chesskiss/btc-service/internal/tracing/tracing.go:41.16,43.3 1 0
github.com/chesskiss/btc-service/internal/tracing/tracing.go:46.2,57.16 4 0
github.com/chesskiss/btc-service/internal/tracing/tracing.go:61.68,62.15 1 0
github.com/chesskiss/btc-service/internal/tracing/tracing.go:62.15,64.3 1 0
github.com/chesskiss/btc-service/internal/tracing/tracing.go:66.2,67.25 2 0
github.com/chesskiss/btc-service/services/price.go:30.68,46.41 9 1
github.com/chesskiss/btc-service/services/price.go:46.41,48.23 2 1
github.com/chesskiss/btc-service/services/price.go:48.23,52.21 4 1
github.com/chesskiss/btc-service/services/price.go:55.9,58.11 1 1
github.com/chesskiss/btc-service/services/price.go:61.5,71.6 2 1
github.com/chesskiss/btc-service/services/price.go:74.52,75.25 1 1
github.com/chesskiss/btc-service/services/price.go:75.25,77.6 1 1
github.com/chesskiss/btc-service/services/price.go:79.5,81.32 3 1
github.com/chesskiss/btc-service/services/price.go:81.32,82.62 1 1
github.com/chesskiss/btc-service/services/price.go:82.62,84.10 1 1
github.com/chesskiss/btc-service/services/price.go:86.5,86.22 1 1
github.com/chesskiss/btc-service/services/price.go:89.42,90.31 1 1
github.com/chesskiss/btc-service/services/price.go:90.31,91.43 1 1
github.com/chesskiss/btc-service/services/price.go:91.43,93.10 1 1
github.com/chesskiss/btc-service/services/price.go:95.5,95.14 1 0
github.com/chesskiss/btc-service/services/price.go:98.45,102.37 3 1
github.com/chesskiss/btc-service/services/price.go:102.37,103.24 1 1
github.com/chesskiss/btc-service/services/price.go:103.24,106.10 2 1
github.com/chesskiss/btc-service/services/price.go:106.15,108.10 1 1
github.com/chesskiss/btc-service/services/price.go:110.5,110.22 1 1
github.com/chesskiss/btc-service/services/price.go:110.22,112.6 1 1
github.com/chesskiss/btc-service/services/price.go:114.5,115.33 2 1
github.com/chesskiss/btc-service/services/price.go:115.33,117.26 2 1
github.com/chesskiss/btc-service/services/price.go:117.26,119.10 1 1
github.com/chesskiss/btc-service/services/price.go:122.5,122.17 1 1
github.com/chesskiss/btc-service/services/price.go:125.34,127.40 2 1
github.com/chesskiss/btc-service/services/price.go:127.40,129.6 1 0
github.com/chesskiss/btc-service/services/price.go:130.5,130.40 1 1
github.com/chesskiss/btc-service/services/price.go:130.40,132.6 1 0
github.com/chesskiss/btc-service/services/price.go:133.5,133.24 1 1
